<?xml version="1.0" encoding="UTF-8"?>
<!-- Generated by org.testng.reporters.JUnitXMLReporter -->
<testsuite ignored="3" hostname="DESKTOP-4H86CTH" failures="0" tests="2" name="PracticeTestngGroup" time="0.028" errors="0" timestamp="2023-10-26T21:58:59 EDT">
  <testcase classname="com.testng.practice.PracticeTestngMethods" name="login" time="0.004"/>
  <testcase classname="com.testng.practice.PracticeTestngMethods" name="cart" time="0.001"/>
  <testcase classname="com.testng.practice.PracticeTestngMethods" name="dress" time="0.0">
    <ignored/>
  </testcase> <!-- dress -->
  <testcase classname="com.testng.practice.PracticeTestngMethods" name="placeOrder" time="0.0">
    <ignored/>
  </testcase> <!-- placeOrder -->
  <testcase classname="com.testng.practice.PracticeTestngMethods" name="payment" time="0.0">
    <ignored/>
  </testcase> <!-- payment -->
</testsuite> <!-- PracticeTestngGroup -->
