<?xml version="1.0" encoding="UTF-8"?>
<!-- Generated by org.testng.reporters.JUnitXMLReporter -->
<testsuite ignored="0" hostname="DESKTOP-4H86CTH" failures="1" tests="1" name="Test2" time="0.003" errors="0" timestamp="2023-10-28T12:25:46 EDT">
  <testcase classname="com.testng.practice.ParmeterTestng" name="practiceParam" time="0.0">
    <failure type="org.testng.TestNGException" message="
Parameter &amp;apos;myName&amp;apos; is required by @Test on method practiceParam but has not been marked @Optional or defined
in C:\Users\rezwa\eclipse-Batch36\Practice1\Parameter.xml">
      <![CDATA[org.testng.TestNGException: 
Parameter 'myName' is required by @Test on method practiceParam but has not been marked @Optional or defined
in C:\Users\rezwa\eclipse-Batch36\Practice1\Parameter.xml
at java.base/java.util.ArrayList.forEach(ArrayList.java:1511)
... Removed 26 stack frames]]>
    </failure>
  </testcase> <!-- practiceParam -->
</testsuite> <!-- Test2 -->
