<?xml version="1.0" encoding="UTF-8"?>
<!-- Generated by org.testng.reporters.JUnitXMLReporter -->
<testsuite ignored="4" hostname="DESKTOP-4H86CTH" failures="0" tests="1" name="Test(failed)" time="0.031" errors="0" timestamp="2023-10-28T11:55:01 EDT">
  <testcase classname="com.testng.practice.PracticeTestngMethods" name="login" time="0.005"/>
  <testcase classname="com.testng.practice.PracticeTestngMethods" name="dress" time="0.0">
    <ignored/>
  </testcase> <!-- dress -->
  <testcase classname="com.testng.practice.PracticeTestngMethods" name="cart" time="0.0">
    <ignored/>
  </testcase> <!-- cart -->
  <testcase classname="com.testng.practice.PracticeTestngMethods" name="placeOrder" time="0.0">
    <ignored/>
  </testcase> <!-- placeOrder -->
  <testcase classname="com.testng.practice.PracticeTestngMethods" name="payment" time="0.0">
    <ignored/>
  </testcase> <!-- payment -->
</testsuite> <!-- Test(failed) -->
