<?xml version="1.0" encoding="UTF-8"?>
<testng-results ignored="0" total="1" passed="1" failed="0" skipped="0">
  <reporter-output>
  </reporter-output>
  <suite started-at="2023-11-30T20:42:53 EST" name="Default suite" finished-at="2023-11-30T20:42:54 EST" duration-ms="953">
    <groups>
    </groups>
    <test started-at="2023-11-30T20:42:53 EST" name="Default test" finished-at="2023-11-30T20:42:54 EST" duration-ms="953">
      <class name="com.API.Testing.WithTestNG.TestDeleteWithTestNG">
        <test-method signature="testDelete()[pri:0, instance:com.API.Testing.WithTestNG.TestDeleteWithTestNG@74287ea3]" started-at="2023-11-30T20:42:53 EST" name="testDelete" finished-at="2023-11-30T20:42:54 EST" duration-ms="924" status="PASS">
          <reporter-output>
          </reporter-output>
        </test-method> <!-- testDelete -->
      </class> <!-- com.API.Testing.WithTestNG.TestDeleteWithTestNG -->
    </test> <!-- Default test -->
  </suite> <!-- Default suite -->
</testng-results>
